app/build/outputs/logs/manifest-merger-release-report.txt
-- Merging decision tree log ---
manifest
ADDED from src/main/AndroidManifest.xml:2:1-244:12
	package
		ADDED from src/main/AndroidManifest.xml:3:5-32
		INJECTED from src/main/AndroidManifest.xml
		INJECTED from src/main/AndroidManifest.xml
	android:versionName
		ADDED from src/main/AndroidManifest.xml:5:5-32
		INJECTED from src/main/AndroidManifest.xml
		INJECTED from src/main/AndroidManifest.xml
	android:versionCode
		ADDED from src/main/AndroidManifest.xml:4:5-28
		INJECTED from src/main/AndroidManifest.xml
		INJECTED from src/main/AndroidManifest.xml
	xmlns:android
		ADDED from src/main/AndroidManifest.xml:2:11-69
uses-sdk
ADDED from src/main/AndroidManifest.xml:7:5-9:41
MERGED from [com.android.support:multidex:1.0.1] AndroidManifest.xml:18:5-42
MERGED from [com.aurelhubert:ahbottomnavigation:2.0.6] AndroidManifest.xml:7:5-9:41
MERGED from [com.android.support:design:25.3.0] AndroidManifest.xml:21:5-23:62
MERGED from [com.android.support:appcompat-v7:25.3.0] AndroidManifest.xml:21:5-23:78
MERGED from [com.android.support:animated-vector-drawable:25.3.0] AndroidManifest.xml:20:5-44
MERGED from [com.android.support:support-vector-drawable:25.3.0] AndroidManifest.xml:20:5-43
MERGED from [com.android.support:transition:25.3.0] AndroidManifest.xml:20:5-44
MERGED from [com.android.support:recyclerview-v7:25.3.0] AndroidManifest.xml:20:5-43
MERGED from [com.android.support:cardview-v7:25.3.0] AndroidManifest.xml:20:5-43
MERGED from [com.daimajia.swipelayout:library:1.2.0] AndroidManifest.xml:6:5-8:41
MERGED from [com.youth.banner:banner:1.4.9] AndroidManifest.xml:7:5-9:41
MERGED from [:SMSSDK-2.1.3:] AndroidManifest.xml:7:5-9:41
MERGED from [:SMSSDKGUI-2.1.3:] AndroidManifest.xml:7:5-9:41
MERGED from [FragmentNavigation1:textsurface_lib:unspecified] AndroidManifest.xml:5:5-7:41
MERGED from [com.android.support:support-v4:25.3.0] AndroidManifest.xml:21:5-23:54
MERGED from [com.android.support:support-fragment:25.3.0] AndroidManifest.xml:21:5-23:60
MERGED from [com.android.support:support-media-compat:25.3.0] AndroidManifest.xml:21:5-23:63
MERGED from [com.android.support:support-core-ui:25.3.0] AndroidManifest.xml:21:5-23:58
MERGED from [com.android.support:support-core-utils:25.3.0] AndroidManifest.xml:21:5-23:61
MERGED from [com.android.support:support-compat:25.3.0] AndroidManifest.xml:21:5-23:58
	tools:overrideLibrary
		ADDED from [com.android.support:design:25.3.0] AndroidManifest.xml:23:9-59
	android:targetSdkVersion
		ADDED from src/main/AndroidManifest.xml:9:9-38
		INJECTED from src/main/AndroidManifest.xml
		INJECTED from src/main/AndroidManifest.xml
	android:minSdkVersion
		ADDED from src/main/AndroidManifest.xml:8:9-35
		INJECTED from src/main/AndroidManifest.xml
		INJECTED from src/main/AndroidManifest.xml
uses-permission#android.permission.ACCESS_NETWORK_STATE
ADDED from src/main/AndroidManifest.xml:14:5-79
	android:name
		ADDED from src/main/AndroidManifest.xml:14:22-76
uses-permission#android.permission.ACCESS_WIFI_STATE
ADDED from src/main/AndroidManifest.xml:15:5-76
	android:name
		ADDED from src/main/AndroidManifest.xml:15:22-73
uses-permission#android.permission.INTERNET
ADDED from src/main/AndroidManifest.xml:16:5-67
	android:name
		ADDED from src/main/AndroidManifest.xml:16:22-64
uses-permission#android.permission.ACCESS_FINE_LOCATION
ADDED from src/main/AndroidManifest.xml:20:5-79
	android:name
		ADDED from src/main/AndroidManifest.xml:20:22-76
uses-permission#android.permission.ACCESS_COARSE_LOCATION
ADDED from src/main/AndroidManifest.xml:23:5-97
	android:name
		ADDED from src/main/AndroidManifest.xml:23:22-78
uses-permission#android.permission.WAKE_LOCK
ADDED from src/main/AndroidManifest.xml:44:5-67
	android:name
		ADDED from src/main/AndroidManifest.xml:44:22-65
uses-permission#android.permission.VIBRATE
ADDED from src/main/AndroidManifest.xml:52:5-65
	android:name
		ADDED from src/main/AndroidManifest.xml:52:22-63
application
ADDED from src/main/AndroidManifest.xml:54:5-242:19
MERGED from [com.aurelhubert:ahbottomnavigation:2.0.6] AndroidManifest.xml:11:5-20
MERGED from [com.android.support:design:25.3.0] AndroidManifest.xml:29:5-20
MERGED from [com.android.support:appcompat-v7:25.3.0] AndroidManifest.xml:29:5-20
MERGED from [com.android.support:animated-vector-drawable:25.3.0] AndroidManifest.xml:26:5-20
MERGED from [com.android.support:support-vector-drawable:25.3.0] AndroidManifest.xml:26:5-20
MERGED from [com.android.support:transition:25.3.0] AndroidManifest.xml:26:5-20
MERGED from [com.android.support:cardview-v7:25.3.0] AndroidManifest.xml:26:5-20
MERGED from [:SMSSDK-2.1.3:] AndroidManifest.xml:11:5-12:19
MERGED from [:SMSSDKGUI-2.1.3:] AndroidManifest.xml:11:5-12:19
MERGED from [com.android.support:support-v4:25.3.0] AndroidManifest.xml:29:5-20
MERGED from [com.android.support:support-fragment:25.3.0] AndroidManifest.xml:29:5-20
MERGED from [com.android.support:support-media-compat:25.3.0] AndroidManifest.xml:29:5-20
MERGED from [com.android.support:support-core-ui:25.3.0] AndroidManifest.xml:29:5-20
MERGED from [com.android.support:support-core-utils:25.3.0] AndroidManifest.xml:29:5-20
MERGED from [com.android.support:support-compat:25.3.0] AndroidManifest.xml:29:5-20
	android:label
		ADDED from src/main/AndroidManifest.xml:58:9-41
	android:allowBackup
		ADDED from src/main/AndroidManifest.xml:56:9-35
	android:icon
		ADDED from src/main/AndroidManifest.xml:57:9-57
	android:theme
		ADDED from src/main/AndroidManifest.xml:59:9-41
	android:name
		ADDED from src/main/AndroidManifest.xml:55:9-38
meta-data#com.baidu.lbsapi.API_KEY
ADDED from src/main/AndroidManifest.xml:60:9-62:64
	android:value
		ADDED from src/main/AndroidManifest.xml:62:13-61
	android:name
		ADDED from src/main/AndroidManifest.xml:61:13-52
activity#com.zhaoyi.walker.SplashActivity
ADDED from src/main/AndroidManifest.xml:63:9-71:20
	android:label
		ADDED from src/main/AndroidManifest.xml:65:13-45
	android:name
		ADDED from src/main/AndroidManifest.xml:64:13-60
intent-filter#android.intent.action.MAIN+android.intent.category.LAUNCHER
ADDED from src/main/AndroidManifest.xml:66:13-70:29
action#android.intent.action.MAIN
ADDED from src/main/AndroidManifest.xml:67:17-69
	android:name
		ADDED from src/main/AndroidManifest.xml:67:25-66
category#android.intent.category.LAUNCHER
ADDED from src/main/AndroidManifest.xml:69:17-77
	android:name
		ADDED from src/main/AndroidManifest.xml:69:27-74
activity#com.zhaoyi.walker.MainActivity
ADDED from src/main/AndroidManifest.xml:73:9-76:48
	android:label
		ADDED from src/main/AndroidManifest.xml:76:13-45
	android:theme
		ADDED from src/main/AndroidManifest.xml:75:13-69
	android:name
		ADDED from src/main/AndroidManifest.xml:74:13-58
activity#com.zhaoyi.walker.activity.LoginActivity
ADDED from src/main/AndroidManifest.xml:77:9-80:57
	android:label
		ADDED from src/main/AndroidManifest.xml:80:13-54
	android:theme
		ADDED from src/main/AndroidManifest.xml:79:13-45
	android:name
		ADDED from src/main/AndroidManifest.xml:78:13-68
activity#com.zhaoyi.walker.activity.VerifyPhoneActivity
ADDED from src/main/AndroidManifest.xml:82:9-84:60
	android:label
		ADDED from src/main/AndroidManifest.xml:84:13-57
	android:name
		ADDED from src/main/AndroidManifest.xml:83:13-74
activity#com.zhaoyi.walker.activity.RegisterActivity
ADDED from src/main/AndroidManifest.xml:86:9-88:65
	android:label
		ADDED from src/main/AndroidManifest.xml:88:13-62
	android:name
		ADDED from src/main/AndroidManifest.xml:87:13-71
activity#com.zhaoyi.walker.activity.HosDetailInfoActivity
ADDED from src/main/AndroidManifest.xml:90:9-92:62
	android:label
		ADDED from src/main/AndroidManifest.xml:92:13-59
	android:name
		ADDED from src/main/AndroidManifest.xml:91:13-76
activity#com.zhaoyi.walker.activity.ShowDoctorsFromFixedHosActivity
ADDED from src/main/AndroidManifest.xml:94:9-96:68
	android:label
		ADDED from src/main/AndroidManifest.xml:96:13-65
	android:name
		ADDED from src/main/AndroidManifest.xml:95:13-86
activity#com.zhaoyi.walker.activity.DoctorDetailInfoActivity
ADDED from src/main/AndroidManifest.xml:98:9-100:65
	android:label
		ADDED from src/main/AndroidManifest.xml:100:13-62
	android:name
		ADDED from src/main/AndroidManifest.xml:99:13-79
activity#com.zhaoyi.walker.activity.ConfirmAppointmentActivity
ADDED from src/main/AndroidManifest.xml:102:9-104:71
	android:label
		ADDED from src/main/AndroidManifest.xml:104:13-68
	android:name
		ADDED from src/main/AndroidManifest.xml:103:13-81
activity#com.zhaoyi.walker.activity.BaiduMapActivity
ADDED from src/main/AndroidManifest.xml:106:9-108:61
	android:label
		ADDED from src/main/AndroidManifest.xml:108:13-58
	android:name
		ADDED from src/main/AndroidManifest.xml:107:13-71
activity#com.zhaoyi.walker.location.DrawPositionOnMap
ADDED from src/main/AndroidManifest.xml:110:9-112:65
	android:label
		ADDED from src/main/AndroidManifest.xml:112:13-62
	android:name
		ADDED from src/main/AndroidManifest.xml:111:13-72
activity#com.zhaoyi.walker.location.MultiRoutePlan
ADDED from src/main/AndroidManifest.xml:114:9-116:53
	android:label
		ADDED from src/main/AndroidManifest.xml:116:13-50
	android:name
		ADDED from src/main/AndroidManifest.xml:115:13-69
activity#com.zhaoyi.walker.activity.WebViewActivity
ADDED from src/main/AndroidManifest.xml:118:9-121:41
	android:label
		ADDED from src/main/AndroidManifest.xml:121:13-38
	android:theme
		ADDED from src/main/AndroidManifest.xml:120:13-69
	android:name
		ADDED from src/main/AndroidManifest.xml:119:13-70
activity#com.zhaoyi.walker.activity.ShowHosListActivity
ADDED from src/main/AndroidManifest.xml:123:9-126:51
	android:label
		ADDED from src/main/AndroidManifest.xml:126:13-48
	android:theme
		ADDED from src/main/AndroidManifest.xml:125:13-69
	android:name
		ADDED from src/main/AndroidManifest.xml:124:13-74
activity#com.zhaoyi.walker.activity.UserPersonalPageActivity
ADDED from src/main/AndroidManifest.xml:128:9-131:51
	android:label
		ADDED from src/main/AndroidManifest.xml:131:13-48
	android:theme
		ADDED from src/main/AndroidManifest.xml:130:13-69
	android:name
		ADDED from src/main/AndroidManifest.xml:129:13-79
activity#com.zhaoyi.walker.activity.NewPhoneActivity
ADDED from src/main/AndroidManifest.xml:133:9-136:55
	android:label
		ADDED from src/main/AndroidManifest.xml:136:13-52
	android:theme
		ADDED from src/main/AndroidManifest.xml:135:13-69
	android:name
		ADDED from src/main/AndroidManifest.xml:134:13-71
activity#com.zhaoyi.walker.activity.AllCityActivity
ADDED from src/main/AndroidManifest.xml:138:9-141:48
	android:label
		ADDED from src/main/AndroidManifest.xml:141:13-45
	android:theme
		ADDED from src/main/AndroidManifest.xml:140:13-69
	android:name
		ADDED from src/main/AndroidManifest.xml:139:13-70
activity#com.zhaoyi.walker.activity.MyAppointmentActivity
ADDED from src/main/AndroidManifest.xml:143:9-146:57
	android:label
		ADDED from src/main/AndroidManifest.xml:146:13-54
	android:theme
		ADDED from src/main/AndroidManifest.xml:145:13-69
	android:name
		ADDED from src/main/AndroidManifest.xml:144:13-76
activity#com.zhaoyi.walker.activity.AboutActivity
ADDED from src/main/AndroidManifest.xml:148:9-151:48
	android:label
		ADDED from src/main/AndroidManifest.xml:151:13-45
	android:theme
		ADDED from src/main/AndroidManifest.xml:150:13-69
	android:name
		ADDED from src/main/AndroidManifest.xml:149:13-68
activity#com.zhaoyi.walker.activity.PatientRecordActivity
ADDED from src/main/AndroidManifest.xml:153:9-156:57
	android:label
		ADDED from src/main/AndroidManifest.xml:156:13-54
	android:theme
		ADDED from src/main/AndroidManifest.xml:155:13-69
	android:name
		ADDED from src/main/AndroidManifest.xml:154:13-76
activity#com.zhaoyi.walker.activity.PatientRecordDetailActivity
ADDED from src/main/AndroidManifest.xml:158:9-161:57
	android:label
		ADDED from src/main/AndroidManifest.xml:161:13-54
	android:theme
		ADDED from src/main/AndroidManifest.xml:160:13-69
	android:name
		ADDED from src/main/AndroidManifest.xml:159:13-82
activity#com.zhaoyi.walker.activity.SettingActivity
ADDED from src/main/AndroidManifest.xml:163:9-166:50
	android:label
		ADDED from src/main/AndroidManifest.xml:166:13-47
	android:theme
		ADDED from src/main/AndroidManifest.xml:165:13-69
	android:name
		ADDED from src/main/AndroidManifest.xml:164:13-70
activity#com.zhaoyi.walker.activity.CommentActivity
ADDED from src/main/AndroidManifest.xml:168:9-171:50
	android:label
		ADDED from src/main/AndroidManifest.xml:171:13-47
	android:theme
		ADDED from src/main/AndroidManifest.xml:170:13-69
	android:name
		ADDED from src/main/AndroidManifest.xml:169:13-70
activity#com.zhaoyi.walker.activity.DoctorAllUserComment
ADDED from src/main/AndroidManifest.xml:173:9-175:72
	android:theme
		ADDED from src/main/AndroidManifest.xml:175:13-69
	android:name
		ADDED from src/main/AndroidManifest.xml:174:13-75
activity#com.zhaoyi.walker.activity.MyCommentActivity
ADDED from src/main/AndroidManifest.xml:177:9-179:72
	android:theme
		ADDED from src/main/AndroidManifest.xml:179:13-69
	android:name
		ADDED from src/main/AndroidManifest.xml:178:13-72
activity#com.zhaoyi.walker.activity.PatientsManager
ADDED from src/main/AndroidManifest.xml:181:9-183:72
	android:theme
		ADDED from src/main/AndroidManifest.xml:183:13-69
	android:name
		ADDED from src/main/AndroidManifest.xml:182:13-70
activity#com.zhaoyi.walker.activity.AddNewPatientActivity
ADDED from src/main/AndroidManifest.xml:185:9-187:72
	android:theme
		ADDED from src/main/AndroidManifest.xml:187:13-69
	android:name
		ADDED from src/main/AndroidManifest.xml:186:13-76
activity#com.zhaoyi.walker.activity.MyCollectionActivity
ADDED from src/main/AndroidManifest.xml:189:9-191:72
	android:theme
		ADDED from src/main/AndroidManifest.xml:191:13-69
	android:name
		ADDED from src/main/AndroidManifest.xml:190:13-75
activity#com.zhaoyi.walker.activity.ModifyPatientActivity
ADDED from src/main/AndroidManifest.xml:193:9-195:72
	android:theme
		ADDED from src/main/AndroidManifest.xml:195:13-69
	android:name
		ADDED from src/main/AndroidManifest.xml:194:13-76
activity#com.zhaoyi.walker.activity.RecoverPasswordActivity
ADDED from src/main/AndroidManifest.xml:197:9-199:72
	android:theme
		ADDED from src/main/AndroidManifest.xml:199:13-69
	android:name
		ADDED from src/main/AndroidManifest.xml:198:13-78
activity#com.zhaoyi.walker.activity.MyWalletActivity
ADDED from src/main/AndroidManifest.xml:201:9-203:72
	android:theme
		ADDED from src/main/AndroidManifest.xml:203:13-69
	android:name
		ADDED from src/main/AndroidManifest.xml:202:13-71
activity#com.zhaoyi.walker.activity.RecoverPayPasswordActivity
ADDED from src/main/AndroidManifest.xml:205:9-207:72
	android:theme
		ADDED from src/main/AndroidManifest.xml:207:13-69
	android:name
		ADDED from src/main/AndroidManifest.xml:206:13-81
activity#com.zhaoyi.walker.activity.ReSetPasswordActivity
ADDED from src/main/AndroidManifest.xml:209:9-211:72
	android:theme
		ADDED from src/main/AndroidManifest.xml:211:13-69
	android:name
		ADDED from src/main/AndroidManifest.xml:210:13-76
activity#com.zhaoyi.walker.activity.VerifyOldPhoneActivity
ADDED from src/main/AndroidManifest.xml:212:9-214:72
	android:theme
		ADDED from src/main/AndroidManifest.xml:214:13-69
	android:name
		ADDED from src/main/AndroidManifest.xml:213:13-77
activity#com.zhaoyi.walker.activity.MySearchViewActivity
ADDED from src/main/AndroidManifest.xml:216:9-218:72
	android:theme
		ADDED from src/main/AndroidManifest.xml:218:13-69
	android:name
		ADDED from src/main/AndroidManifest.xml:217:13-75
service#com.baidu.location.f
ADDED from src/main/AndroidManifest.xml:220:9-221:19
	android:enabled
		ADDED from src/main/AndroidManifest.xml:220:54-76
	android:process
		ADDED from src/main/AndroidManifest.xml:220:77-102
	android:name
		ADDED from src/main/AndroidManifest.xml:220:18-53
service#com.zhaoyi.walker.service.CheckOrderService
ADDED from src/main/AndroidManifest.xml:223:9-225:19
	android:enabled
		ADDED from src/main/AndroidManifest.xml:223:60-82
	android:name
		ADDED from src/main/AndroidManifest.xml:223:18-59
service#com.zhaoyi.walker.service.UpdateService
ADDED from src/main/AndroidManifest.xml:227:9-80
	android:enabled
		ADDED from src/main/AndroidManifest.xml:227:56-78
	android:name
		ADDED from src/main/AndroidManifest.xml:227:18-55
receiver#com.zhaoyi.walker.broadcastreceiver.TaskAlarmReceiver
ADDED from src/main/AndroidManifest.xml:229:9-235:20
	android:name
		ADDED from src/main/AndroidManifest.xml:229:19-70
intent-filter#com.zhaoyi.walker.ACTION_CHECK_ORDER_ALARM
ADDED from src/main/AndroidManifest.xml:230:13-234:29
action#com.zhaoyi.walker.ACTION_CHECK_ORDER_ALARM
ADDED from src/main/AndroidManifest.xml:231:17-233:23
	android:name
		ADDED from src/main/AndroidManifest.xml:232:21-78
activity#com.mob.tools.MobUIShell
ADDED from src/main/AndroidManifest.xml:237:9-241:69
	android:windowSoftInputMode
		ADDED from src/main/AndroidManifest.xml:241:13-67
	android:configChanges
		ADDED from src/main/AndroidManifest.xml:240:13-74
	android:theme
		ADDED from src/main/AndroidManifest.xml:239:13-72
	android:name
		ADDED from src/main/AndroidManifest.xml:238:13-52
meta-data#android.support.VERSION
ADDED from [com.android.support:design:25.3.0] AndroidManifest.xml:25:5-27:34
MERGED from [com.android.support:appcompat-v7:25.3.0] AndroidManifest.xml:25:5-27:34
MERGED from [com.android.support:animated-vector-drawable:25.3.0] AndroidManifest.xml:22:5-24:34
MERGED from [com.android.support:support-vector-drawable:25.3.0] AndroidManifest.xml:22:5-24:34
MERGED from [com.android.support:transition:25.3.0] AndroidManifest.xml:22:5-24:34
MERGED from [com.android.support:recyclerview-v7:25.3.0] AndroidManifest.xml:22:5-24:34
MERGED from [com.android.support:cardview-v7:25.3.0] AndroidManifest.xml:22:5-24:34
MERGED from [com.android.support:support-v4:25.3.0] AndroidManifest.xml:25:5-27:34
MERGED from [com.android.support:support-fragment:25.3.0] AndroidManifest.xml:25:5-27:34
MERGED from [com.android.support:support-media-compat:25.3.0] AndroidManifest.xml:25:5-27:34
MERGED from [com.android.support:support-core-ui:25.3.0] AndroidManifest.xml:25:5-27:34
MERGED from [com.android.support:support-core-utils:25.3.0] AndroidManifest.xml:25:5-27:34
MERGED from [com.android.support:support-compat:25.3.0] AndroidManifest.xml:25:5-27:34
	android:value
		ADDED from [com.android.support:design:25.3.0] AndroidManifest.xml:27:9-31
	android:name
		ADDED from [com.android.support:design:25.3.0] AndroidManifest.xml:26:9-47